[debug] [2020-10-08T12:53:12.967Z] ----------------------------------------------------------------------
[debug] [2020-10-08T12:53:12.969Z] Command:       C:\Program Files\nodejs\node.exe C:\Users\john\AppData\Roaming\npm\node_modules\firebase-tools\lib\bin\firebase.js emulators:start
[debug] [2020-10-08T12:53:12.969Z] CLI Version:   8.12.0
[debug] [2020-10-08T12:53:12.969Z] Platform:      win32
[debug] [2020-10-08T12:53:12.969Z] Node Version:  v14.13.0
[debug] [2020-10-08T12:53:12.970Z] Time:          Thu Oct 08 2020 14:53:12 GMT+0200 (Central European Summer Time)
[debug] [2020-10-08T12:53:12.971Z] ----------------------------------------------------------------------
[debug] [2020-10-08T12:53:12.971Z] 
[debug] [2020-10-08T12:53:12.978Z] > command requires scopes: ["email","openid","https://www.googleapis.com/auth/cloudplatformprojects.readonly","https://www.googleapis.com/auth/firebase","https://www.googleapis.com/auth/cloud-platform"]
[debug] [2020-10-08T12:53:12.978Z] > authorizing via signed-in user
[info] i  emulators: Starting emulators: functions, hosting {"metadata":{"emulator":{"name":"hub"},"message":"Starting emulators: functions, hosting"}}
[debug] [2020-10-08T12:53:13.011Z] [hub] writing locator at C:\Users\john\AppData\Local\Temp\hub-clone-b1ea9.json
[warn] !  functions: The following emulators are not running, calls to these services from the Functions emulator will affect production: auth, firestore, database, pubsub {"metadata":{"emulator":{"name":"functions"},"message":"The following emulators are not running, calls to these services from the Functions emulator will affect production: \u001b[1mauth, firestore, database, pubsub\u001b[22m"}}
[warn] !  Your requested "node" version "10" doesn't match your global version "14" {"metadata":{"emulator":{"name":"functions"},"message":"Your requested \"node\" version \"10\" doesn't match your global version \"14\""}}
[debug] [2020-10-08T12:53:13.054Z] defaultcredentials: writing to file C:\Users\john\AppData\Roaming\firebase\john_ekh_no_application_default_credentials.json
[debug] [2020-10-08T12:53:13.067Z] Setting GAC to C:\Users\john\AppData\Roaming\firebase\john_ekh_no_application_default_credentials.json {"metadata":{"emulator":{"name":"functions"},"message":"Setting GAC to C:\\Users\\john\\AppData\\Roaming\\firebase\\john_ekh_no_application_default_credentials.json"}}
[debug] [2020-10-08T12:53:13.083Z] >>> HTTP REQUEST GET https://firebase.googleapis.com/v1beta1/projects/clone-b1ea9/webApps/-/config  
 
[debug] [2020-10-08T12:53:14.205Z] <<< HTTP RESPONSE 200 {"content-type":"application/json; charset=UTF-8","vary":"X-Origin, Referer, Origin,Accept-Encoding","date":"Thu, 08 Oct 2020 12:53:22 GMT","server":"ESF","cache-control":"private","x-xss-protection":"0","x-frame-options":"SAMEORIGIN","x-content-type-options":"nosniff","alt-svc":"h3-Q050=\":443\"; ma=2592000,h3-29=\":443\"; ma=2592000,h3-27=\":443\"; ma=2592000,h3-T051=\":443\"; ma=2592000,h3-T050=\":443\"; ma=2592000,h3-Q046=\":443\"; ma=2592000,h3-Q043=\":443\"; ma=2592000,quic=\":443\"; ma=2592000; v=\"46,43\"","accept-ranges":"none","transfer-encoding":"chunked"}
[info] i  hosting: Serving hosting files from: build {"metadata":{"emulator":{"name":"hosting"},"message":"Serving hosting files from: \u001b[1mbuild\u001b[22m"}}
[info] +  hosting: Local server: http://localhost:5000 {"metadata":{"emulator":{"name":"hosting"},"message":"Local server: \u001b[4m\u001b[1mhttp://localhost:5000\u001b[22m\u001b[24m"}}
[info] i  ui: downloading ui-v1.1.1.zip... {"metadata":{"emulator":{"name":"ui"},"message":"downloading ui-v1.1.1.zip..."}}
[debug] [2020-10-08T12:53:15.034Z] Ignoring unsupported arg: auto_download {"metadata":{"emulator":{"name":"ui"},"message":"Ignoring unsupported arg: auto_download"}}
[debug] [2020-10-08T12:53:15.034Z] Ignoring unsupported arg: port {"metadata":{"emulator":{"name":"ui"},"message":"Ignoring unsupported arg: port"}}
[debug] [2020-10-08T12:53:15.034Z] Starting Emulator UI with command {"binary":"node","args":["C:\\Users\\john\\.cache\\firebase\\emulators\\ui-v1.1.1\\server.bundle.js"],"optionalArgs":[],"joinArgs":false} {"metadata":{"emulator":{"name":"ui"},"message":"Starting Emulator UI with command {\"binary\":\"node\",\"args\":[\"C:\\\\Users\\\\john\\\\.cache\\\\firebase\\\\emulators\\\\ui-v1.1.1\\\\server.bundle.js\"],\"optionalArgs\":[],\"joinArgs\":false}"}}
[info] i  ui: Emulator UI logging to ui-debug.log {"metadata":{"emulator":{"name":"ui"},"message":"Emulator UI logging to \u001b[1mui-debug.log\u001b[22m"}}
[debug] [2020-10-08T12:53:15.148Z] Web / API server started at http://localhost:4000
 {"metadata":{"emulator":{"name":"ui"},"message":"Web / API server started at http://localhost:4000\n"}}
[info] i  functions: Watching "C:\projects\amazon-clone\functions" for Cloud Functions... {"metadata":{"emulator":{"name":"functions"},"message":"Watching \"C:\\projects\\amazon-clone\\functions\" for Cloud Functions..."}}
[debug] [2020-10-08T12:53:15.329Z] [worker-pool] addWorker(~diagnostic~) {"metadata":{"emulator":{"name":"functions"},"message":"[worker-pool] addWorker(~diagnostic~)"}}
[debug] [2020-10-08T12:53:15.330Z] [worker-pool] Adding worker with key ~diagnostic~, total=1 {"metadata":{"emulator":{"name":"functions"},"message":"[worker-pool] Adding worker with key ~diagnostic~, total=1"}}
[debug] [2020-10-08T12:53:15.330Z] [worker-pool] submitWork(triggerId=) {"metadata":{"emulator":{"name":"functions"},"message":"[worker-pool] submitWork(triggerId=)"}}
[debug] [2020-10-08T12:53:15.331Z] [worker-~diagnostic~-6db2fc9d-0770-48b7-aad0-80f8a16c8077]: Assigning socketPath: \\?\pipe\C:\projects\amazon-clone\functions\22504 {"metadata":{"emulator":{"name":"functions"},"message":"[worker-~diagnostic~-6db2fc9d-0770-48b7-aad0-80f8a16c8077]: Assigning socketPath: \\\\?\\pipe\\C:\\projects\\amazon-clone\\functions\\22504"}}
[debug] [2020-10-08T12:53:15.331Z] [worker-~diagnostic~-6db2fc9d-0770-48b7-aad0-80f8a16c8077]: BUSY {"metadata":{"emulator":{"name":"functions"},"message":"[worker-~diagnostic~-6db2fc9d-0770-48b7-aad0-80f8a16c8077]: BUSY"}}
[debug] [2020-10-08T12:53:15.843Z] [runtime-status] [22504] Functions runtime initialized. {"cwd":"C:\\projects\\amazon-clone\\functions","node_version":"14.13.0"} {"metadata":{"emulator":{"name":"functions"},"message":"[runtime-status] [22504] Functions runtime initialized. {\"cwd\":\"C:\\\\projects\\\\amazon-clone\\\\functions\",\"node_version\":\"14.13.0\"}"}}
[debug] [2020-10-08T12:53:15.845Z] [runtime-status] [22504] Disabled runtime features: undefined {"metadata":{"emulator":{"name":"functions"},"message":"[runtime-status] [22504] Disabled runtime features: undefined"}}
[debug] [2020-10-08T12:53:15.849Z] [runtime-status] [22504] Resolved module firebase-admin {"declared":true,"installed":true,"version":"8.13.0","resolution":"C:\\projects\\amazon-clone\\functions\\node_modules\\firebase-admin\\lib\\index.js"} {"metadata":{"emulator":{"name":"functions"},"message":"[runtime-status] [22504] Resolved module firebase-admin {\"declared\":true,\"installed\":true,\"version\":\"8.13.0\",\"resolution\":\"C:\\\\projects\\\\amazon-clone\\\\functions\\\\node_modules\\\\firebase-admin\\\\lib\\\\index.js\"}"}}
[debug] [2020-10-08T12:53:15.850Z] [runtime-status] [22504] Resolved module firebase-functions {"declared":true,"installed":true,"version":"3.11.0","resolution":"C:\\projects\\amazon-clone\\functions\\node_modules\\firebase-functions\\lib\\index.js"} {"metadata":{"emulator":{"name":"functions"},"message":"[runtime-status] [22504] Resolved module firebase-functions {\"declared\":true,\"installed\":true,\"version\":\"3.11.0\",\"resolution\":\"C:\\\\projects\\\\amazon-clone\\\\functions\\\\node_modules\\\\firebase-functions\\\\lib\\\\index.js\"}"}}
[debug] [2020-10-08T12:53:15.852Z] [runtime-status] [22504] Resolved module firebase-functions {"declared":true,"installed":true,"version":"3.11.0","resolution":"C:\\projects\\amazon-clone\\functions\\node_modules\\firebase-functions\\lib\\index.js"} {"metadata":{"emulator":{"name":"functions"},"message":"[runtime-status] [22504] Resolved module firebase-functions {\"declared\":true,\"installed\":true,\"version\":\"3.11.0\",\"resolution\":\"C:\\\\projects\\\\amazon-clone\\\\functions\\\\node_modules\\\\firebase-functions\\\\lib\\\\index.js\"}"}}
[debug] [2020-10-08T12:53:15.854Z] [runtime-status] [22504] Outgoing network have been stubbed. [{"name":"http","status":"mocked"},{"name":"http","status":"mocked"},{"name":"https","status":"mocked"},{"name":"https","status":"mocked"},{"name":"net","status":"mocked"}] {"metadata":{"emulator":{"name":"functions"},"message":"[runtime-status] [22504] Outgoing network have been stubbed. [{\"name\":\"http\",\"status\":\"mocked\"},{\"name\":\"http\",\"status\":\"mocked\"},{\"name\":\"https\",\"status\":\"mocked\"},{\"name\":\"https\",\"status\":\"mocked\"},{\"name\":\"net\",\"status\":\"mocked\"}]"}}
[debug] [2020-10-08T12:53:15.854Z] [runtime-status] [22504] Resolved module firebase-functions {"declared":true,"installed":true,"version":"3.11.0","resolution":"C:\\projects\\amazon-clone\\functions\\node_modules\\firebase-functions\\lib\\index.js"} {"metadata":{"emulator":{"name":"functions"},"message":"[runtime-status] [22504] Resolved module firebase-functions {\"declared\":true,\"installed\":true,\"version\":\"3.11.0\",\"resolution\":\"C:\\\\projects\\\\amazon-clone\\\\functions\\\\node_modules\\\\firebase-functions\\\\lib\\\\index.js\"}"}}
[debug] [2020-10-08T12:53:15.905Z] [runtime-status] [22504] Checked functions.config() {"config":{}} {"metadata":{"emulator":{"name":"functions"},"message":"[runtime-status] [22504] Checked functions.config() {\"config\":{}}"}}
[debug] [2020-10-08T12:53:15.905Z] [runtime-status] [22504] firebase-functions has been stubbed. {"functionsResolution":{"declared":true,"installed":true,"version":"3.11.0","resolution":"C:\\projects\\amazon-clone\\functions\\node_modules\\firebase-functions\\lib\\index.js"}} {"metadata":{"emulator":{"name":"functions"},"message":"[runtime-status] [22504] firebase-functions has been stubbed. {\"functionsResolution\":{\"declared\":true,\"installed\":true,\"version\":\"3.11.0\",\"resolution\":\"C:\\\\projects\\\\amazon-clone\\\\functions\\\\node_modules\\\\firebase-functions\\\\lib\\\\index.js\"}}"}}
[debug] [2020-10-08T12:53:15.905Z] [runtime-status] [22504] Resolved module firebase-functions {"declared":true,"installed":true,"version":"3.11.0","resolution":"C:\\projects\\amazon-clone\\functions\\node_modules\\firebase-functions\\lib\\index.js"} {"metadata":{"emulator":{"name":"functions"},"message":"[runtime-status] [22504] Resolved module firebase-functions {\"declared\":true,\"installed\":true,\"version\":\"3.11.0\",\"resolution\":\"C:\\\\projects\\\\amazon-clone\\\\functions\\\\node_modules\\\\firebase-functions\\\\lib\\\\index.js\"}"}}
[debug] [2020-10-08T12:53:15.906Z] [runtime-status] [22504] Resolved module firebase-admin {"declared":true,"installed":true,"version":"8.13.0","resolution":"C:\\projects\\amazon-clone\\functions\\node_modules\\firebase-admin\\lib\\index.js"} {"metadata":{"emulator":{"name":"functions"},"message":"[runtime-status] [22504] Resolved module firebase-admin {\"declared\":true,\"installed\":true,\"version\":\"8.13.0\",\"resolution\":\"C:\\\\projects\\\\amazon-clone\\\\functions\\\\node_modules\\\\firebase-admin\\\\lib\\\\index.js\"}"}}
[debug] [2020-10-08T12:53:15.907Z] [runtime-status] [22504] Resolved module firebase-functions {"declared":true,"installed":true,"version":"3.11.0","resolution":"C:\\projects\\amazon-clone\\functions\\node_modules\\firebase-functions\\lib\\index.js"} {"metadata":{"emulator":{"name":"functions"},"message":"[runtime-status] [22504] Resolved module firebase-functions {\"declared\":true,\"installed\":true,\"version\":\"3.11.0\",\"resolution\":\"C:\\\\projects\\\\amazon-clone\\\\functions\\\\node_modules\\\\firebase-functions\\\\lib\\\\index.js\"}"}}
[debug] [2020-10-08T12:53:15.908Z] [runtime-status] [22504] firebase-admin has been stubbed. {"adminResolution":{"declared":true,"installed":true,"version":"8.13.0","resolution":"C:\\projects\\amazon-clone\\functions\\node_modules\\firebase-admin\\lib\\index.js"}} {"metadata":{"emulator":{"name":"functions"},"message":"[runtime-status] [22504] firebase-admin has been stubbed. {\"adminResolution\":{\"declared\":true,\"installed\":true,\"version\":\"8.13.0\",\"resolution\":\"C:\\\\projects\\\\amazon-clone\\\\functions\\\\node_modules\\\\firebase-admin\\\\lib\\\\index.js\"}}"}}
[info] +  functions[api]: http function initialized (http://localhost:5001/clone-b1ea9/us-central1/api). {"metadata":{"emulator":{"name":"functions"},"message":"\u001b[1mhttp\u001b[22m function initialized (http://localhost:5001/clone-b1ea9/us-central1/api)."}}
[info] 
┌───────────────────────────────────────────────────────────────────────┐
│ ✔  All emulators ready! View status and logs at http://localhost:4000 │
└───────────────────────────────────────────────────────────────────────┘

┌───────────┬────────────────┬─────────────────────────────────┐
│ Emulator  │ Host:Port      │ View in Emulator UI             │
├───────────┼────────────────┼─────────────────────────────────┤
│ Functions │ localhost:5001 │ http://localhost:4000/functions │
├───────────┼────────────────┼─────────────────────────────────┤
│ Hosting   │ localhost:5000 │ n/a                             │
└───────────┴────────────────┴─────────────────────────────────┘
  Other reserved ports: 4400, 4500

Issues? Report them at https://github.com/firebase/firebase-tools/issues and attach the *-debug.log files.
 
[debug] [2020-10-08T12:53:16.172Z] [worker-~diagnostic~-6db2fc9d-0770-48b7-aad0-80f8a16c8077]: IDLE {"metadata":{"emulator":{"name":"functions"},"message":"[worker-~diagnostic~-6db2fc9d-0770-48b7-aad0-80f8a16c8077]: IDLE"}}
[debug] [2020-10-08T12:55:07.615Z] File C:\projects\amazon-clone\functions\index.js changed, reloading triggers {"metadata":{"emulator":{"name":"functions"},"message":"File C:\\projects\\amazon-clone\\functions\\index.js changed, reloading triggers"}}
[debug] [2020-10-08T12:55:08.630Z] [worker-pool] Shutting down IDLE worker (~diagnostic~) {"metadata":{"emulator":{"name":"functions"},"message":"[worker-pool] Shutting down IDLE worker (~diagnostic~)"}}
[debug] [2020-10-08T12:55:08.632Z] [worker-~diagnostic~-6db2fc9d-0770-48b7-aad0-80f8a16c8077]: FINISHING {"metadata":{"emulator":{"name":"functions"},"message":"[worker-~diagnostic~-6db2fc9d-0770-48b7-aad0-80f8a16c8077]: FINISHING"}}
[debug] [2020-10-08T12:55:08.644Z] [worker-pool] addWorker(~diagnostic~) {"metadata":{"emulator":{"name":"functions"},"message":"[worker-pool] addWorker(~diagnostic~)"}}
[debug] [2020-10-08T12:55:08.645Z] [worker-pool] Adding worker with key ~diagnostic~, total=2 {"metadata":{"emulator":{"name":"functions"},"message":"[worker-pool] Adding worker with key ~diagnostic~, total=2"}}
[debug] [2020-10-08T12:55:08.645Z] [worker-pool] submitWork(triggerId=) {"metadata":{"emulator":{"name":"functions"},"message":"[worker-pool] submitWork(triggerId=)"}}
[debug] [2020-10-08T12:55:08.646Z] [worker-~diagnostic~-fb325134-226b-42b9-aa41-298a201cf8c6]: Assigning socketPath: \\?\pipe\C:\projects\amazon-clone\functions\13296 {"metadata":{"emulator":{"name":"functions"},"message":"[worker-~diagnostic~-fb325134-226b-42b9-aa41-298a201cf8c6]: Assigning socketPath: \\\\?\\pipe\\C:\\projects\\amazon-clone\\functions\\13296"}}
[debug] [2020-10-08T12:55:08.646Z] [worker-~diagnostic~-fb325134-226b-42b9-aa41-298a201cf8c6]: BUSY {"metadata":{"emulator":{"name":"functions"},"message":"[worker-~diagnostic~-fb325134-226b-42b9-aa41-298a201cf8c6]: BUSY"}}
[debug] [2020-10-08T12:55:08.649Z] [worker-~diagnostic~-6db2fc9d-0770-48b7-aad0-80f8a16c8077]: exited {"metadata":{"emulator":{"name":"functions"},"message":"[worker-~diagnostic~-6db2fc9d-0770-48b7-aad0-80f8a16c8077]: exited"}}
[debug] [2020-10-08T12:55:08.650Z] [worker-~diagnostic~-6db2fc9d-0770-48b7-aad0-80f8a16c8077]: FINISHED {"metadata":{"emulator":{"name":"functions"},"message":"[worker-~diagnostic~-6db2fc9d-0770-48b7-aad0-80f8a16c8077]: FINISHED"}}
[debug] [2020-10-08T12:55:09.119Z] [runtime-status] [13296] Functions runtime initialized. {"cwd":"C:\\projects\\amazon-clone\\functions","node_version":"14.13.0"} {"metadata":{"emulator":{"name":"functions"},"message":"[runtime-status] [13296] Functions runtime initialized. {\"cwd\":\"C:\\\\projects\\\\amazon-clone\\\\functions\",\"node_version\":\"14.13.0\"}"}}
[debug] [2020-10-08T12:55:09.121Z] [runtime-status] [13296] Disabled runtime features: undefined {"metadata":{"emulator":{"name":"functions"},"message":"[runtime-status] [13296] Disabled runtime features: undefined"}}
[debug] [2020-10-08T12:55:09.124Z] [runtime-status] [13296] Resolved module firebase-admin {"declared":true,"installed":true,"version":"8.13.0","resolution":"C:\\projects\\amazon-clone\\functions\\node_modules\\firebase-admin\\lib\\index.js"} {"metadata":{"emulator":{"name":"functions"},"message":"[runtime-status] [13296] Resolved module firebase-admin {\"declared\":true,\"installed\":true,\"version\":\"8.13.0\",\"resolution\":\"C:\\\\projects\\\\amazon-clone\\\\functions\\\\node_modules\\\\firebase-admin\\\\lib\\\\index.js\"}"}}
[debug] [2020-10-08T12:55:09.126Z] [runtime-status] [13296] Resolved module firebase-functions {"declared":true,"installed":true,"version":"3.11.0","resolution":"C:\\projects\\amazon-clone\\functions\\node_modules\\firebase-functions\\lib\\index.js"} {"metadata":{"emulator":{"name":"functions"},"message":"[runtime-status] [13296] Resolved module firebase-functions {\"declared\":true,\"installed\":true,\"version\":\"3.11.0\",\"resolution\":\"C:\\\\projects\\\\amazon-clone\\\\functions\\\\node_modules\\\\firebase-functions\\\\lib\\\\index.js\"}"}}
[debug] [2020-10-08T12:55:09.128Z] [runtime-status] [13296] Resolved module firebase-functions {"declared":true,"installed":true,"version":"3.11.0","resolution":"C:\\projects\\amazon-clone\\functions\\node_modules\\firebase-functions\\lib\\index.js"} {"metadata":{"emulator":{"name":"functions"},"message":"[runtime-status] [13296] Resolved module firebase-functions {\"declared\":true,\"installed\":true,\"version\":\"3.11.0\",\"resolution\":\"C:\\\\projects\\\\amazon-clone\\\\functions\\\\node_modules\\\\firebase-functions\\\\lib\\\\index.js\"}"}}
[debug] [2020-10-08T12:55:09.130Z] [runtime-status] [13296] Outgoing network have been stubbed. [{"name":"http","status":"mocked"},{"name":"http","status":"mocked"},{"name":"https","status":"mocked"},{"name":"https","status":"mocked"},{"name":"net","status":"mocked"}] {"metadata":{"emulator":{"name":"functions"},"message":"[runtime-status] [13296] Outgoing network have been stubbed. [{\"name\":\"http\",\"status\":\"mocked\"},{\"name\":\"http\",\"status\":\"mocked\"},{\"name\":\"https\",\"status\":\"mocked\"},{\"name\":\"https\",\"status\":\"mocked\"},{\"name\":\"net\",\"status\":\"mocked\"}]"}}
[debug] [2020-10-08T12:55:09.131Z] [runtime-status] [13296] Resolved module firebase-functions {"declared":true,"installed":true,"version":"3.11.0","resolution":"C:\\projects\\amazon-clone\\functions\\node_modules\\firebase-functions\\lib\\index.js"} {"metadata":{"emulator":{"name":"functions"},"message":"[runtime-status] [13296] Resolved module firebase-functions {\"declared\":true,\"installed\":true,\"version\":\"3.11.0\",\"resolution\":\"C:\\\\projects\\\\amazon-clone\\\\functions\\\\node_modules\\\\firebase-functions\\\\lib\\\\index.js\"}"}}
[debug] [2020-10-08T12:55:09.184Z] [runtime-status] [13296] Checked functions.config() {"config":{}} {"metadata":{"emulator":{"name":"functions"},"message":"[runtime-status] [13296] Checked functions.config() {\"config\":{}}"}}
[debug] [2020-10-08T12:55:09.184Z] [runtime-status] [13296] firebase-functions has been stubbed. {"functionsResolution":{"declared":true,"installed":true,"version":"3.11.0","resolution":"C:\\projects\\amazon-clone\\functions\\node_modules\\firebase-functions\\lib\\index.js"}} {"metadata":{"emulator":{"name":"functions"},"message":"[runtime-status] [13296] firebase-functions has been stubbed. {\"functionsResolution\":{\"declared\":true,\"installed\":true,\"version\":\"3.11.0\",\"resolution\":\"C:\\\\projects\\\\amazon-clone\\\\functions\\\\node_modules\\\\firebase-functions\\\\lib\\\\index.js\"}}"}}
[debug] [2020-10-08T12:55:09.184Z] [runtime-status] [13296] Resolved module firebase-functions {"declared":true,"installed":true,"version":"3.11.0","resolution":"C:\\projects\\amazon-clone\\functions\\node_modules\\firebase-functions\\lib\\index.js"} {"metadata":{"emulator":{"name":"functions"},"message":"[runtime-status] [13296] Resolved module firebase-functions {\"declared\":true,\"installed\":true,\"version\":\"3.11.0\",\"resolution\":\"C:\\\\projects\\\\amazon-clone\\\\functions\\\\node_modules\\\\firebase-functions\\\\lib\\\\index.js\"}"}}
[debug] [2020-10-08T12:55:09.185Z] [runtime-status] [13296] Resolved module firebase-admin {"declared":true,"installed":true,"version":"8.13.0","resolution":"C:\\projects\\amazon-clone\\functions\\node_modules\\firebase-admin\\lib\\index.js"} {"metadata":{"emulator":{"name":"functions"},"message":"[runtime-status] [13296] Resolved module firebase-admin {\"declared\":true,\"installed\":true,\"version\":\"8.13.0\",\"resolution\":\"C:\\\\projects\\\\amazon-clone\\\\functions\\\\node_modules\\\\firebase-admin\\\\lib\\\\index.js\"}"}}
[debug] [2020-10-08T12:55:09.186Z] [runtime-status] [13296] Resolved module firebase-functions {"declared":true,"installed":true,"version":"3.11.0","resolution":"C:\\projects\\amazon-clone\\functions\\node_modules\\firebase-functions\\lib\\index.js"} {"metadata":{"emulator":{"name":"functions"},"message":"[runtime-status] [13296] Resolved module firebase-functions {\"declared\":true,\"installed\":true,\"version\":\"3.11.0\",\"resolution\":\"C:\\\\projects\\\\amazon-clone\\\\functions\\\\node_modules\\\\firebase-functions\\\\lib\\\\index.js\"}"}}
[debug] [2020-10-08T12:55:09.186Z] [runtime-status] [13296] firebase-admin has been stubbed. {"adminResolution":{"declared":true,"installed":true,"version":"8.13.0","resolution":"C:\\projects\\amazon-clone\\functions\\node_modules\\firebase-admin\\lib\\index.js"}} {"metadata":{"emulator":{"name":"functions"},"message":"[runtime-status] [13296] firebase-admin has been stubbed. {\"adminResolution\":{\"declared\":true,\"installed\":true,\"version\":\"8.13.0\",\"resolution\":\"C:\\\\projects\\\\amazon-clone\\\\functions\\\\node_modules\\\\firebase-admin\\\\lib\\\\index.js\"}}"}}
[debug] [2020-10-08T12:55:09.339Z] [worker-~diagnostic~-fb325134-226b-42b9-aa41-298a201cf8c6]: IDLE {"metadata":{"emulator":{"name":"functions"},"message":"[worker-~diagnostic~-fb325134-226b-42b9-aa41-298a201cf8c6]: IDLE"}}
[debug] [2020-10-08T12:55:14.727Z] [work-queue] {"queueLength":1,"workRunningCount":0}
[debug] [2020-10-08T12:55:14.728Z] [work-queue] {"queueLength":0,"workRunningCount":1}
[debug] [2020-10-08T12:55:14.730Z] Accepted request GET /clone-b1ea9/us-central1/api --> api
[debug] [2020-10-08T12:55:14.732Z] [worker-pool] Cleaned up workers for ~diagnostic~: 2 --> 1 {"metadata":{"emulator":{"name":"functions"},"message":"[worker-pool] Cleaned up workers for ~diagnostic~: 2 --> 1"}}
[debug] [2020-10-08T12:55:14.749Z] [worker-pool] addWorker(api) {"metadata":{"emulator":{"name":"functions"},"message":"[worker-pool] addWorker(api)"}}
[debug] [2020-10-08T12:55:14.749Z] [worker-pool] Adding worker with key api, total=1 {"metadata":{"emulator":{"name":"functions"},"message":"[worker-pool] Adding worker with key api, total=1"}}
[debug] [2020-10-08T12:55:14.749Z] [worker-pool] submitWork(triggerId=api) {"metadata":{"emulator":{"name":"functions"},"message":"[worker-pool] submitWork(triggerId=api)"}}
[debug] [2020-10-08T12:55:14.750Z] [worker-api-4e34010c-2472-478d-a28c-c6bf1d4bf209]: Assigning socketPath: \\?\pipe\C:\projects\amazon-clone\functions\13304 {"metadata":{"emulator":{"name":"functions"},"message":"[worker-api-4e34010c-2472-478d-a28c-c6bf1d4bf209]: Assigning socketPath: \\\\?\\pipe\\C:\\projects\\amazon-clone\\functions\\13304"}}
[debug] [2020-10-08T12:55:14.750Z] [worker-api-4e34010c-2472-478d-a28c-c6bf1d4bf209]: BUSY {"metadata":{"emulator":{"name":"functions"},"message":"[worker-api-4e34010c-2472-478d-a28c-c6bf1d4bf209]: BUSY"}}
[debug] [2020-10-08T12:55:15.210Z] [runtime-status] [13304] Functions runtime initialized. {"cwd":"C:\\projects\\amazon-clone\\functions","node_version":"14.13.0"} {"metadata":{"emulator":{"name":"functions"},"function":{"name":"api"},"message":"[runtime-status] [13304] Functions runtime initialized. {\"cwd\":\"C:\\\\projects\\\\amazon-clone\\\\functions\",\"node_version\":\"14.13.0\"}"}}
[debug] [2020-10-08T12:55:15.212Z] [runtime-status] [13304] Disabled runtime features: undefined {"metadata":{"emulator":{"name":"functions"},"function":{"name":"api"},"message":"[runtime-status] [13304] Disabled runtime features: undefined"}}
[debug] [2020-10-08T12:55:15.215Z] [runtime-status] [13304] Resolved module firebase-admin {"declared":true,"installed":true,"version":"8.13.0","resolution":"C:\\projects\\amazon-clone\\functions\\node_modules\\firebase-admin\\lib\\index.js"} {"metadata":{"emulator":{"name":"functions"},"function":{"name":"api"},"message":"[runtime-status] [13304] Resolved module firebase-admin {\"declared\":true,\"installed\":true,\"version\":\"8.13.0\",\"resolution\":\"C:\\\\projects\\\\amazon-clone\\\\functions\\\\node_modules\\\\firebase-admin\\\\lib\\\\index.js\"}"}}
[debug] [2020-10-08T12:55:15.216Z] [runtime-status] [13304] Resolved module firebase-functions {"declared":true,"installed":true,"version":"3.11.0","resolution":"C:\\projects\\amazon-clone\\functions\\node_modules\\firebase-functions\\lib\\index.js"} {"metadata":{"emulator":{"name":"functions"},"function":{"name":"api"},"message":"[runtime-status] [13304] Resolved module firebase-functions {\"declared\":true,\"installed\":true,\"version\":\"3.11.0\",\"resolution\":\"C:\\\\projects\\\\amazon-clone\\\\functions\\\\node_modules\\\\firebase-functions\\\\lib\\\\index.js\"}"}}
[debug] [2020-10-08T12:55:15.221Z] [runtime-status] [13304] Resolved module firebase-functions {"declared":true,"installed":true,"version":"3.11.0","resolution":"C:\\projects\\amazon-clone\\functions\\node_modules\\firebase-functions\\lib\\index.js"} {"metadata":{"emulator":{"name":"functions"},"function":{"name":"api"},"message":"[runtime-status] [13304] Resolved module firebase-functions {\"declared\":true,\"installed\":true,\"version\":\"3.11.0\",\"resolution\":\"C:\\\\projects\\\\amazon-clone\\\\functions\\\\node_modules\\\\firebase-functions\\\\lib\\\\index.js\"}"}}
[debug] [2020-10-08T12:55:15.223Z] [runtime-status] [13304] Outgoing network have been stubbed. [{"name":"http","status":"mocked"},{"name":"http","status":"mocked"},{"name":"https","status":"mocked"},{"name":"https","status":"mocked"},{"name":"net","status":"mocked"}] {"metadata":{"emulator":{"name":"functions"},"function":{"name":"api"},"message":"[runtime-status] [13304] Outgoing network have been stubbed. [{\"name\":\"http\",\"status\":\"mocked\"},{\"name\":\"http\",\"status\":\"mocked\"},{\"name\":\"https\",\"status\":\"mocked\"},{\"name\":\"https\",\"status\":\"mocked\"},{\"name\":\"net\",\"status\":\"mocked\"}]"}}
[debug] [2020-10-08T12:55:15.223Z] [runtime-status] [13304] Resolved module firebase-functions {"declared":true,"installed":true,"version":"3.11.0","resolution":"C:\\projects\\amazon-clone\\functions\\node_modules\\firebase-functions\\lib\\index.js"} {"metadata":{"emulator":{"name":"functions"},"function":{"name":"api"},"message":"[runtime-status] [13304] Resolved module firebase-functions {\"declared\":true,\"installed\":true,\"version\":\"3.11.0\",\"resolution\":\"C:\\\\projects\\\\amazon-clone\\\\functions\\\\node_modules\\\\firebase-functions\\\\lib\\\\index.js\"}"}}
[debug] [2020-10-08T12:55:15.278Z] [runtime-status] [13304] Checked functions.config() {"config":{}} {"metadata":{"emulator":{"name":"functions"},"function":{"name":"api"},"message":"[runtime-status] [13304] Checked functions.config() {\"config\":{}}"}}
[debug] [2020-10-08T12:55:15.278Z] [runtime-status] [13304] firebase-functions has been stubbed. {"functionsResolution":{"declared":true,"installed":true,"version":"3.11.0","resolution":"C:\\projects\\amazon-clone\\functions\\node_modules\\firebase-functions\\lib\\index.js"}} {"metadata":{"emulator":{"name":"functions"},"function":{"name":"api"},"message":"[runtime-status] [13304] firebase-functions has been stubbed. {\"functionsResolution\":{\"declared\":true,\"installed\":true,\"version\":\"3.11.0\",\"resolution\":\"C:\\\\projects\\\\amazon-clone\\\\functions\\\\node_modules\\\\firebase-functions\\\\lib\\\\index.js\"}}"}}
[debug] [2020-10-08T12:55:15.279Z] [runtime-status] [13304] Resolved module firebase-functions {"declared":true,"installed":true,"version":"3.11.0","resolution":"C:\\projects\\amazon-clone\\functions\\node_modules\\firebase-functions\\lib\\index.js"} {"metadata":{"emulator":{"name":"functions"},"function":{"name":"api"},"message":"[runtime-status] [13304] Resolved module firebase-functions {\"declared\":true,\"installed\":true,\"version\":\"3.11.0\",\"resolution\":\"C:\\\\projects\\\\amazon-clone\\\\functions\\\\node_modules\\\\firebase-functions\\\\lib\\\\index.js\"}"}}
[debug] [2020-10-08T12:55:15.280Z] [runtime-status] [13304] Resolved module firebase-admin {"declared":true,"installed":true,"version":"8.13.0","resolution":"C:\\projects\\amazon-clone\\functions\\node_modules\\firebase-admin\\lib\\index.js"} {"metadata":{"emulator":{"name":"functions"},"function":{"name":"api"},"message":"[runtime-status] [13304] Resolved module firebase-admin {\"declared\":true,\"installed\":true,\"version\":\"8.13.0\",\"resolution\":\"C:\\\\projects\\\\amazon-clone\\\\functions\\\\node_modules\\\\firebase-admin\\\\lib\\\\index.js\"}"}}
[debug] [2020-10-08T12:55:15.280Z] [runtime-status] [13304] Resolved module firebase-functions {"declared":true,"installed":true,"version":"3.11.0","resolution":"C:\\projects\\amazon-clone\\functions\\node_modules\\firebase-functions\\lib\\index.js"} {"metadata":{"emulator":{"name":"functions"},"function":{"name":"api"},"message":"[runtime-status] [13304] Resolved module firebase-functions {\"declared\":true,\"installed\":true,\"version\":\"3.11.0\",\"resolution\":\"C:\\\\projects\\\\amazon-clone\\\\functions\\\\node_modules\\\\firebase-functions\\\\lib\\\\index.js\"}"}}
[debug] [2020-10-08T12:55:15.280Z] [runtime-status] [13304] firebase-admin has been stubbed. {"adminResolution":{"declared":true,"installed":true,"version":"8.13.0","resolution":"C:\\projects\\amazon-clone\\functions\\node_modules\\firebase-admin\\lib\\index.js"}} {"metadata":{"emulator":{"name":"functions"},"function":{"name":"api"},"message":"[runtime-status] [13304] firebase-admin has been stubbed. {\"adminResolution\":{\"declared\":true,\"installed\":true,\"version\":\"8.13.0\",\"resolution\":\"C:\\\\projects\\\\amazon-clone\\\\functions\\\\node_modules\\\\firebase-admin\\\\lib\\\\index.js\"}}"}}
[debug] [2020-10-08T12:55:15.445Z] [runtime-status] [13304] Trigger "api" has been found, beginning invocation! {"metadata":{"emulator":{"name":"functions"},"function":{"name":"api"},"message":"[runtime-status] [13304] Trigger \"api\" has been found, beginning invocation!"}}
[info] i  functions: Beginning execution of "api" {"metadata":{"emulator":{"name":"functions"},"function":{"name":"api"},"message":"Beginning execution of \"api\""}}
[debug] [2020-10-08T12:55:15.447Z] [runtime-status] [13304] triggerDefinition {"httpsTrigger":{},"name":"api","entryPoint":"api"} {"metadata":{"emulator":{"name":"functions"},"function":{"name":"api"},"message":"[runtime-status] [13304] triggerDefinition {\"httpsTrigger\":{},\"name\":\"api\",\"entryPoint\":\"api\"}"}}
[debug] [2020-10-08T12:55:15.447Z] [runtime-status] [13304] Running api in mode HTTPS {"metadata":{"emulator":{"name":"functions"},"function":{"name":"api"},"message":"[runtime-status] [13304] Running api in mode HTTPS"}}
[debug] [2020-10-08T12:55:15.449Z] [runtime-status] [13304] Attempting to listen to socketPath: \\?\pipe\C:\projects\amazon-clone\functions\13304 {"metadata":{"emulator":{"name":"functions"},"function":{"name":"api"},"message":"[runtime-status] [13304] Attempting to listen to socketPath: \\\\?\\pipe\\C:\\projects\\amazon-clone\\functions\\13304"}}
[debug] [2020-10-08T12:55:15.456Z] [functions] Runtime ready! Sending request! {"metadata":{"emulator":{"name":"functions"},"message":"[functions] Runtime ready! Sending request!"}}
[debug] [2020-10-08T12:55:15.462Z] [runtime-status] [13304] Ephemeral server handling GET request {"metadata":{"emulator":{"name":"functions"},"function":{"name":"api"},"message":"[runtime-status] [13304] Ephemeral server handling GET request"}}
[debug] [2020-10-08T12:55:15.468Z] [runtime-status] [13304] Ephemeral server survived. {"metadata":{"emulator":{"name":"functions"},"function":{"name":"api"},"message":"[runtime-status] [13304] Ephemeral server survived."}}
[info] i  functions: Finished "api" in ~1s {"metadata":{"emulator":{"name":"functions"},"function":{"name":"api"},"message":"Finished \"api\" in ~1s"}}
[debug] [2020-10-08T12:55:15.475Z] [worker-api-4e34010c-2472-478d-a28c-c6bf1d4bf209]: IDLE {"metadata":{"emulator":{"name":"functions"},"message":"[worker-api-4e34010c-2472-478d-a28c-c6bf1d4bf209]: IDLE"}}
[debug] [2020-10-08T12:55:15.475Z] [work-queue] {"queueLength":0,"workRunningCount":0}
[debug] [2020-10-08T12:55:15.626Z] Functions emulator received unknown request at path /favicon.ico
[debug] [2020-10-08T13:01:35.438Z] File C:\projects\amazon-clone\functions\index.js changed, reloading triggers {"metadata":{"emulator":{"name":"functions"},"message":"File C:\\projects\\amazon-clone\\functions\\index.js changed, reloading triggers"}}
[debug] [2020-10-08T13:01:36.449Z] [worker-pool] Shutting down IDLE worker (~diagnostic~) {"metadata":{"emulator":{"name":"functions"},"message":"[worker-pool] Shutting down IDLE worker (~diagnostic~)"}}
[debug] [2020-10-08T13:01:36.449Z] [worker-~diagnostic~-fb325134-226b-42b9-aa41-298a201cf8c6]: FINISHING {"metadata":{"emulator":{"name":"functions"},"message":"[worker-~diagnostic~-fb325134-226b-42b9-aa41-298a201cf8c6]: FINISHING"}}
[debug] [2020-10-08T13:01:36.449Z] [worker-pool] Shutting down IDLE worker (api) {"metadata":{"emulator":{"name":"functions"},"message":"[worker-pool] Shutting down IDLE worker (api)"}}
[debug] [2020-10-08T13:01:36.449Z] [worker-api-4e34010c-2472-478d-a28c-c6bf1d4bf209]: FINISHING {"metadata":{"emulator":{"name":"functions"},"message":"[worker-api-4e34010c-2472-478d-a28c-c6bf1d4bf209]: FINISHING"}}
[debug] [2020-10-08T13:01:36.454Z] [worker-pool] addWorker(~diagnostic~) {"metadata":{"emulator":{"name":"functions"},"message":"[worker-pool] addWorker(~diagnostic~)"}}
[debug] [2020-10-08T13:01:36.455Z] [worker-pool] Adding worker with key ~diagnostic~, total=2 {"metadata":{"emulator":{"name":"functions"},"message":"[worker-pool] Adding worker with key ~diagnostic~, total=2"}}
[debug] [2020-10-08T13:01:36.455Z] [worker-pool] submitWork(triggerId=) {"metadata":{"emulator":{"name":"functions"},"message":"[worker-pool] submitWork(triggerId=)"}}
[debug] [2020-10-08T13:01:36.455Z] [worker-~diagnostic~-cc382956-b4a0-4136-97f9-7a25776b3c59]: Assigning socketPath: \\?\pipe\C:\projects\amazon-clone\functions\7116 {"metadata":{"emulator":{"name":"functions"},"message":"[worker-~diagnostic~-cc382956-b4a0-4136-97f9-7a25776b3c59]: Assigning socketPath: \\\\?\\pipe\\C:\\projects\\amazon-clone\\functions\\7116"}}
[debug] [2020-10-08T13:01:36.455Z] [worker-~diagnostic~-cc382956-b4a0-4136-97f9-7a25776b3c59]: BUSY {"metadata":{"emulator":{"name":"functions"},"message":"[worker-~diagnostic~-cc382956-b4a0-4136-97f9-7a25776b3c59]: BUSY"}}
[debug] [2020-10-08T13:01:36.456Z] [worker-~diagnostic~-fb325134-226b-42b9-aa41-298a201cf8c6]: exited {"metadata":{"emulator":{"name":"functions"},"message":"[worker-~diagnostic~-fb325134-226b-42b9-aa41-298a201cf8c6]: exited"}}
[debug] [2020-10-08T13:01:36.456Z] [worker-~diagnostic~-fb325134-226b-42b9-aa41-298a201cf8c6]: FINISHED {"metadata":{"emulator":{"name":"functions"},"message":"[worker-~diagnostic~-fb325134-226b-42b9-aa41-298a201cf8c6]: FINISHED"}}
[debug] [2020-10-08T13:01:36.457Z] [worker-api-4e34010c-2472-478d-a28c-c6bf1d4bf209]: exited {"metadata":{"emulator":{"name":"functions"},"message":"[worker-api-4e34010c-2472-478d-a28c-c6bf1d4bf209]: exited"}}
[debug] [2020-10-08T13:01:36.457Z] [worker-api-4e34010c-2472-478d-a28c-c6bf1d4bf209]: FINISHED {"metadata":{"emulator":{"name":"functions"},"message":"[worker-api-4e34010c-2472-478d-a28c-c6bf1d4bf209]: FINISHED"}}
[debug] [2020-10-08T13:01:37.030Z] [runtime-status] [7116] Functions runtime initialized. {"cwd":"C:\\projects\\amazon-clone\\functions","node_version":"14.13.0"} {"metadata":{"emulator":{"name":"functions"},"message":"[runtime-status] [7116] Functions runtime initialized. {\"cwd\":\"C:\\\\projects\\\\amazon-clone\\\\functions\",\"node_version\":\"14.13.0\"}"}}
[debug] [2020-10-08T13:01:37.035Z] [runtime-status] [7116] Disabled runtime features: undefined {"metadata":{"emulator":{"name":"functions"},"message":"[runtime-status] [7116] Disabled runtime features: undefined"}}
[debug] [2020-10-08T13:01:37.040Z] [runtime-status] [7116] Resolved module firebase-admin {"declared":true,"installed":true,"version":"8.13.0","resolution":"C:\\projects\\amazon-clone\\functions\\node_modules\\firebase-admin\\lib\\index.js"} {"metadata":{"emulator":{"name":"functions"},"message":"[runtime-status] [7116] Resolved module firebase-admin {\"declared\":true,\"installed\":true,\"version\":\"8.13.0\",\"resolution\":\"C:\\\\projects\\\\amazon-clone\\\\functions\\\\node_modules\\\\firebase-admin\\\\lib\\\\index.js\"}"}}
[debug] [2020-10-08T13:01:37.041Z] [runtime-status] [7116] Resolved module firebase-functions {"declared":true,"installed":true,"version":"3.11.0","resolution":"C:\\projects\\amazon-clone\\functions\\node_modules\\firebase-functions\\lib\\index.js"} {"metadata":{"emulator":{"name":"functions"},"message":"[runtime-status] [7116] Resolved module firebase-functions {\"declared\":true,\"installed\":true,\"version\":\"3.11.0\",\"resolution\":\"C:\\\\projects\\\\amazon-clone\\\\functions\\\\node_modules\\\\firebase-functions\\\\lib\\\\index.js\"}"}}
[debug] [2020-10-08T13:01:37.043Z] [runtime-status] [7116] Resolved module firebase-functions {"declared":true,"installed":true,"version":"3.11.0","resolution":"C:\\projects\\amazon-clone\\functions\\node_modules\\firebase-functions\\lib\\index.js"} {"metadata":{"emulator":{"name":"functions"},"message":"[runtime-status] [7116] Resolved module firebase-functions {\"declared\":true,\"installed\":true,\"version\":\"3.11.0\",\"resolution\":\"C:\\\\projects\\\\amazon-clone\\\\functions\\\\node_modules\\\\firebase-functions\\\\lib\\\\index.js\"}"}}
[debug] [2020-10-08T13:01:37.045Z] [runtime-status] [7116] Outgoing network have been stubbed. [{"name":"http","status":"mocked"},{"name":"http","status":"mocked"},{"name":"https","status":"mocked"},{"name":"https","status":"mocked"},{"name":"net","status":"mocked"}] {"metadata":{"emulator":{"name":"functions"},"message":"[runtime-status] [7116] Outgoing network have been stubbed. [{\"name\":\"http\",\"status\":\"mocked\"},{\"name\":\"http\",\"status\":\"mocked\"},{\"name\":\"https\",\"status\":\"mocked\"},{\"name\":\"https\",\"status\":\"mocked\"},{\"name\":\"net\",\"status\":\"mocked\"}]"}}
[debug] [2020-10-08T13:01:37.046Z] [runtime-status] [7116] Resolved module firebase-functions {"declared":true,"installed":true,"version":"3.11.0","resolution":"C:\\projects\\amazon-clone\\functions\\node_modules\\firebase-functions\\lib\\index.js"} {"metadata":{"emulator":{"name":"functions"},"message":"[runtime-status] [7116] Resolved module firebase-functions {\"declared\":true,\"installed\":true,\"version\":\"3.11.0\",\"resolution\":\"C:\\\\projects\\\\amazon-clone\\\\functions\\\\node_modules\\\\firebase-functions\\\\lib\\\\index.js\"}"}}
[debug] [2020-10-08T13:01:37.108Z] [runtime-status] [7116] Checked functions.config() {"config":{}} {"metadata":{"emulator":{"name":"functions"},"message":"[runtime-status] [7116] Checked functions.config() {\"config\":{}}"}}
[debug] [2020-10-08T13:01:37.108Z] [runtime-status] [7116] firebase-functions has been stubbed. {"functionsResolution":{"declared":true,"installed":true,"version":"3.11.0","resolution":"C:\\projects\\amazon-clone\\functions\\node_modules\\firebase-functions\\lib\\index.js"}} {"metadata":{"emulator":{"name":"functions"},"message":"[runtime-status] [7116] firebase-functions has been stubbed. {\"functionsResolution\":{\"declared\":true,\"installed\":true,\"version\":\"3.11.0\",\"resolution\":\"C:\\\\projects\\\\amazon-clone\\\\functions\\\\node_modules\\\\firebase-functions\\\\lib\\\\index.js\"}}"}}
[debug] [2020-10-08T13:01:37.109Z] [runtime-status] [7116] Resolved module firebase-functions {"declared":true,"installed":true,"version":"3.11.0","resolution":"C:\\projects\\amazon-clone\\functions\\node_modules\\firebase-functions\\lib\\index.js"} {"metadata":{"emulator":{"name":"functions"},"message":"[runtime-status] [7116] Resolved module firebase-functions {\"declared\":true,\"installed\":true,\"version\":\"3.11.0\",\"resolution\":\"C:\\\\projects\\\\amazon-clone\\\\functions\\\\node_modules\\\\firebase-functions\\\\lib\\\\index.js\"}"}}
[debug] [2020-10-08T13:01:37.110Z] [runtime-status] [7116] Resolved module firebase-admin {"declared":true,"installed":true,"version":"8.13.0","resolution":"C:\\projects\\amazon-clone\\functions\\node_modules\\firebase-admin\\lib\\index.js"} {"metadata":{"emulator":{"name":"functions"},"message":"[runtime-status] [7116] Resolved module firebase-admin {\"declared\":true,\"installed\":true,\"version\":\"8.13.0\",\"resolution\":\"C:\\\\projects\\\\amazon-clone\\\\functions\\\\node_modules\\\\firebase-admin\\\\lib\\\\index.js\"}"}}
[debug] [2020-10-08T13:01:37.110Z] [runtime-status] [7116] Resolved module firebase-functions {"declared":true,"installed":true,"version":"3.11.0","resolution":"C:\\projects\\amazon-clone\\functions\\node_modules\\firebase-functions\\lib\\index.js"} {"metadata":{"emulator":{"name":"functions"},"message":"[runtime-status] [7116] Resolved module firebase-functions {\"declared\":true,\"installed\":true,\"version\":\"3.11.0\",\"resolution\":\"C:\\\\projects\\\\amazon-clone\\\\functions\\\\node_modules\\\\firebase-functions\\\\lib\\\\index.js\"}"}}
[debug] [2020-10-08T13:01:37.111Z] [runtime-status] [7116] firebase-admin has been stubbed. {"adminResolution":{"declared":true,"installed":true,"version":"8.13.0","resolution":"C:\\projects\\amazon-clone\\functions\\node_modules\\firebase-admin\\lib\\index.js"}} {"metadata":{"emulator":{"name":"functions"},"message":"[runtime-status] [7116] firebase-admin has been stubbed. {\"adminResolution\":{\"declared\":true,\"installed\":true,\"version\":\"8.13.0\",\"resolution\":\"C:\\\\projects\\\\amazon-clone\\\\functions\\\\node_modules\\\\firebase-admin\\\\lib\\\\index.js\"}}"}}
[debug] [2020-10-08T13:01:37.306Z] [worker-~diagnostic~-cc382956-b4a0-4136-97f9-7a25776b3c59]: IDLE {"metadata":{"emulator":{"name":"functions"},"message":"[worker-~diagnostic~-cc382956-b4a0-4136-97f9-7a25776b3c59]: IDLE"}}
[debug] [2020-10-08T13:01:50.426Z] File C:\projects\amazon-clone\functions\index.js changed, reloading triggers {"metadata":{"emulator":{"name":"functions"},"message":"File C:\\projects\\amazon-clone\\functions\\index.js changed, reloading triggers"}}
[debug] [2020-10-08T13:01:51.428Z] [worker-pool] Shutting down IDLE worker (~diagnostic~) {"metadata":{"emulator":{"name":"functions"},"message":"[worker-pool] Shutting down IDLE worker (~diagnostic~)"}}
[debug] [2020-10-08T13:01:51.428Z] [worker-~diagnostic~-cc382956-b4a0-4136-97f9-7a25776b3c59]: FINISHING {"metadata":{"emulator":{"name":"functions"},"message":"[worker-~diagnostic~-cc382956-b4a0-4136-97f9-7a25776b3c59]: FINISHING"}}
[debug] [2020-10-08T13:01:51.429Z] [worker-pool] Cleaned up workers for ~diagnostic~: 2 --> 1 {"metadata":{"emulator":{"name":"functions"},"message":"[worker-pool] Cleaned up workers for ~diagnostic~: 2 --> 1"}}
[debug] [2020-10-08T13:01:51.429Z] [worker-pool] Cleaned up workers for api: 1 --> 0 {"metadata":{"emulator":{"name":"functions"},"message":"[worker-pool] Cleaned up workers for api: 1 --> 0"}}
[debug] [2020-10-08T13:01:51.435Z] [worker-pool] addWorker(~diagnostic~) {"metadata":{"emulator":{"name":"functions"},"message":"[worker-pool] addWorker(~diagnostic~)"}}
[debug] [2020-10-08T13:01:51.435Z] [worker-pool] Adding worker with key ~diagnostic~, total=2 {"metadata":{"emulator":{"name":"functions"},"message":"[worker-pool] Adding worker with key ~diagnostic~, total=2"}}
[debug] [2020-10-08T13:01:51.435Z] [worker-pool] submitWork(triggerId=) {"metadata":{"emulator":{"name":"functions"},"message":"[worker-pool] submitWork(triggerId=)"}}
[debug] [2020-10-08T13:01:51.435Z] [worker-~diagnostic~-e4aeb7b4-fc8c-4696-b7cb-b96e5a1485fc]: Assigning socketPath: \\?\pipe\C:\projects\amazon-clone\functions\16252 {"metadata":{"emulator":{"name":"functions"},"message":"[worker-~diagnostic~-e4aeb7b4-fc8c-4696-b7cb-b96e5a1485fc]: Assigning socketPath: \\\\?\\pipe\\C:\\projects\\amazon-clone\\functions\\16252"}}
[debug] [2020-10-08T13:01:51.435Z] [worker-~diagnostic~-e4aeb7b4-fc8c-4696-b7cb-b96e5a1485fc]: BUSY {"metadata":{"emulator":{"name":"functions"},"message":"[worker-~diagnostic~-e4aeb7b4-fc8c-4696-b7cb-b96e5a1485fc]: BUSY"}}
[debug] [2020-10-08T13:01:51.436Z] [worker-~diagnostic~-cc382956-b4a0-4136-97f9-7a25776b3c59]: exited {"metadata":{"emulator":{"name":"functions"},"message":"[worker-~diagnostic~-cc382956-b4a0-4136-97f9-7a25776b3c59]: exited"}}
[debug] [2020-10-08T13:01:51.436Z] [worker-~diagnostic~-cc382956-b4a0-4136-97f9-7a25776b3c59]: FINISHED {"metadata":{"emulator":{"name":"functions"},"message":"[worker-~diagnostic~-cc382956-b4a0-4136-97f9-7a25776b3c59]: FINISHED"}}
[debug] [2020-10-08T13:01:52.015Z] [runtime-status] [16252] Functions runtime initialized. {"cwd":"C:\\projects\\amazon-clone\\functions","node_version":"14.13.0"} {"metadata":{"emulator":{"name":"functions"},"message":"[runtime-status] [16252] Functions runtime initialized. {\"cwd\":\"C:\\\\projects\\\\amazon-clone\\\\functions\",\"node_version\":\"14.13.0\"}"}}
[debug] [2020-10-08T13:01:52.018Z] [runtime-status] [16252] Disabled runtime features: undefined {"metadata":{"emulator":{"name":"functions"},"message":"[runtime-status] [16252] Disabled runtime features: undefined"}}
[debug] [2020-10-08T13:01:52.022Z] [runtime-status] [16252] Resolved module firebase-admin {"declared":true,"installed":true,"version":"8.13.0","resolution":"C:\\projects\\amazon-clone\\functions\\node_modules\\firebase-admin\\lib\\index.js"} {"metadata":{"emulator":{"name":"functions"},"message":"[runtime-status] [16252] Resolved module firebase-admin {\"declared\":true,\"installed\":true,\"version\":\"8.13.0\",\"resolution\":\"C:\\\\projects\\\\amazon-clone\\\\functions\\\\node_modules\\\\firebase-admin\\\\lib\\\\index.js\"}"}}
[debug] [2020-10-08T13:01:52.023Z] [runtime-status] [16252] Resolved module firebase-functions {"declared":true,"installed":true,"version":"3.11.0","resolution":"C:\\projects\\amazon-clone\\functions\\node_modules\\firebase-functions\\lib\\index.js"} {"metadata":{"emulator":{"name":"functions"},"message":"[runtime-status] [16252] Resolved module firebase-functions {\"declared\":true,\"installed\":true,\"version\":\"3.11.0\",\"resolution\":\"C:\\\\projects\\\\amazon-clone\\\\functions\\\\node_modules\\\\firebase-functions\\\\lib\\\\index.js\"}"}}
[debug] [2020-10-08T13:01:52.026Z] [runtime-status] [16252] Resolved module firebase-functions {"declared":true,"installed":true,"version":"3.11.0","resolution":"C:\\projects\\amazon-clone\\functions\\node_modules\\firebase-functions\\lib\\index.js"} {"metadata":{"emulator":{"name":"functions"},"message":"[runtime-status] [16252] Resolved module firebase-functions {\"declared\":true,\"installed\":true,\"version\":\"3.11.0\",\"resolution\":\"C:\\\\projects\\\\amazon-clone\\\\functions\\\\node_modules\\\\firebase-functions\\\\lib\\\\index.js\"}"}}
[debug] [2020-10-08T13:01:52.030Z] [runtime-status] [16252] Outgoing network have been stubbed. [{"name":"http","status":"mocked"},{"name":"http","status":"mocked"},{"name":"https","status":"mocked"},{"name":"https","status":"mocked"},{"name":"net","status":"mocked"}] {"metadata":{"emulator":{"name":"functions"},"message":"[runtime-status] [16252] Outgoing network have been stubbed. [{\"name\":\"http\",\"status\":\"mocked\"},{\"name\":\"http\",\"status\":\"mocked\"},{\"name\":\"https\",\"status\":\"mocked\"},{\"name\":\"https\",\"status\":\"mocked\"},{\"name\":\"net\",\"status\":\"mocked\"}]"}}
[debug] [2020-10-08T13:01:52.031Z] [runtime-status] [16252] Resolved module firebase-functions {"declared":true,"installed":true,"version":"3.11.0","resolution":"C:\\projects\\amazon-clone\\functions\\node_modules\\firebase-functions\\lib\\index.js"} {"metadata":{"emulator":{"name":"functions"},"message":"[runtime-status] [16252] Resolved module firebase-functions {\"declared\":true,\"installed\":true,\"version\":\"3.11.0\",\"resolution\":\"C:\\\\projects\\\\amazon-clone\\\\functions\\\\node_modules\\\\firebase-functions\\\\lib\\\\index.js\"}"}}
[debug] [2020-10-08T13:01:52.091Z] [runtime-status] [16252] Checked functions.config() {"config":{}} {"metadata":{"emulator":{"name":"functions"},"message":"[runtime-status] [16252] Checked functions.config() {\"config\":{}}"}}
[debug] [2020-10-08T13:01:52.091Z] [runtime-status] [16252] firebase-functions has been stubbed. {"functionsResolution":{"declared":true,"installed":true,"version":"3.11.0","resolution":"C:\\projects\\amazon-clone\\functions\\node_modules\\firebase-functions\\lib\\index.js"}} {"metadata":{"emulator":{"name":"functions"},"message":"[runtime-status] [16252] firebase-functions has been stubbed. {\"functionsResolution\":{\"declared\":true,\"installed\":true,\"version\":\"3.11.0\",\"resolution\":\"C:\\\\projects\\\\amazon-clone\\\\functions\\\\node_modules\\\\firebase-functions\\\\lib\\\\index.js\"}}"}}
[debug] [2020-10-08T13:01:52.092Z] [runtime-status] [16252] Resolved module firebase-functions {"declared":true,"installed":true,"version":"3.11.0","resolution":"C:\\projects\\amazon-clone\\functions\\node_modules\\firebase-functions\\lib\\index.js"} {"metadata":{"emulator":{"name":"functions"},"message":"[runtime-status] [16252] Resolved module firebase-functions {\"declared\":true,\"installed\":true,\"version\":\"3.11.0\",\"resolution\":\"C:\\\\projects\\\\amazon-clone\\\\functions\\\\node_modules\\\\firebase-functions\\\\lib\\\\index.js\"}"}}
[debug] [2020-10-08T13:01:52.093Z] [runtime-status] [16252] Resolved module firebase-admin {"declared":true,"installed":true,"version":"8.13.0","resolution":"C:\\projects\\amazon-clone\\functions\\node_modules\\firebase-admin\\lib\\index.js"} {"metadata":{"emulator":{"name":"functions"},"message":"[runtime-status] [16252] Resolved module firebase-admin {\"declared\":true,\"installed\":true,\"version\":\"8.13.0\",\"resolution\":\"C:\\\\projects\\\\amazon-clone\\\\functions\\\\node_modules\\\\firebase-admin\\\\lib\\\\index.js\"}"}}
[debug] [2020-10-08T13:01:52.093Z] [runtime-status] [16252] Resolved module firebase-functions {"declared":true,"installed":true,"version":"3.11.0","resolution":"C:\\projects\\amazon-clone\\functions\\node_modules\\firebase-functions\\lib\\index.js"} {"metadata":{"emulator":{"name":"functions"},"message":"[runtime-status] [16252] Resolved module firebase-functions {\"declared\":true,\"installed\":true,\"version\":\"3.11.0\",\"resolution\":\"C:\\\\projects\\\\amazon-clone\\\\functions\\\\node_modules\\\\firebase-functions\\\\lib\\\\index.js\"}"}}
[debug] [2020-10-08T13:01:52.094Z] [runtime-status] [16252] firebase-admin has been stubbed. {"adminResolution":{"declared":true,"installed":true,"version":"8.13.0","resolution":"C:\\projects\\amazon-clone\\functions\\node_modules\\firebase-admin\\lib\\index.js"}} {"metadata":{"emulator":{"name":"functions"},"message":"[runtime-status] [16252] firebase-admin has been stubbed. {\"adminResolution\":{\"declared\":true,\"installed\":true,\"version\":\"8.13.0\",\"resolution\":\"C:\\\\projects\\\\amazon-clone\\\\functions\\\\node_modules\\\\firebase-admin\\\\lib\\\\index.js\"}}"}}
[debug] [2020-10-08T13:01:52.276Z] [worker-~diagnostic~-e4aeb7b4-fc8c-4696-b7cb-b96e5a1485fc]: IDLE {"metadata":{"emulator":{"name":"functions"},"message":"[worker-~diagnostic~-e4aeb7b4-fc8c-4696-b7cb-b96e5a1485fc]: IDLE"}}
[debug] [2020-10-08T13:03:06.938Z] File C:\projects\amazon-clone\functions\index.js changed, reloading triggers {"metadata":{"emulator":{"name":"functions"},"message":"File C:\\projects\\amazon-clone\\functions\\index.js changed, reloading triggers"}}
[debug] [2020-10-08T13:03:07.953Z] [worker-pool] Shutting down IDLE worker (~diagnostic~) {"metadata":{"emulator":{"name":"functions"},"message":"[worker-pool] Shutting down IDLE worker (~diagnostic~)"}}
[debug] [2020-10-08T13:03:07.953Z] [worker-~diagnostic~-e4aeb7b4-fc8c-4696-b7cb-b96e5a1485fc]: FINISHING {"metadata":{"emulator":{"name":"functions"},"message":"[worker-~diagnostic~-e4aeb7b4-fc8c-4696-b7cb-b96e5a1485fc]: FINISHING"}}
[debug] [2020-10-08T13:03:07.953Z] [worker-pool] Cleaned up workers for ~diagnostic~: 2 --> 1 {"metadata":{"emulator":{"name":"functions"},"message":"[worker-pool] Cleaned up workers for ~diagnostic~: 2 --> 1"}}
[debug] [2020-10-08T13:03:07.959Z] [worker-pool] addWorker(~diagnostic~) {"metadata":{"emulator":{"name":"functions"},"message":"[worker-pool] addWorker(~diagnostic~)"}}
[debug] [2020-10-08T13:03:07.959Z] [worker-pool] Adding worker with key ~diagnostic~, total=2 {"metadata":{"emulator":{"name":"functions"},"message":"[worker-pool] Adding worker with key ~diagnostic~, total=2"}}
[debug] [2020-10-08T13:03:07.959Z] [worker-pool] submitWork(triggerId=) {"metadata":{"emulator":{"name":"functions"},"message":"[worker-pool] submitWork(triggerId=)"}}
[debug] [2020-10-08T13:03:07.959Z] [worker-~diagnostic~-2ebb3588-42a2-4de1-b318-c508be75aa5f]: Assigning socketPath: \\?\pipe\C:\projects\amazon-clone\functions\8744 {"metadata":{"emulator":{"name":"functions"},"message":"[worker-~diagnostic~-2ebb3588-42a2-4de1-b318-c508be75aa5f]: Assigning socketPath: \\\\?\\pipe\\C:\\projects\\amazon-clone\\functions\\8744"}}
[debug] [2020-10-08T13:03:07.959Z] [worker-~diagnostic~-2ebb3588-42a2-4de1-b318-c508be75aa5f]: BUSY {"metadata":{"emulator":{"name":"functions"},"message":"[worker-~diagnostic~-2ebb3588-42a2-4de1-b318-c508be75aa5f]: BUSY"}}
[debug] [2020-10-08T13:03:07.960Z] [worker-~diagnostic~-e4aeb7b4-fc8c-4696-b7cb-b96e5a1485fc]: exited {"metadata":{"emulator":{"name":"functions"},"message":"[worker-~diagnostic~-e4aeb7b4-fc8c-4696-b7cb-b96e5a1485fc]: exited"}}
[debug] [2020-10-08T13:03:07.960Z] [worker-~diagnostic~-e4aeb7b4-fc8c-4696-b7cb-b96e5a1485fc]: FINISHED {"metadata":{"emulator":{"name":"functions"},"message":"[worker-~diagnostic~-e4aeb7b4-fc8c-4696-b7cb-b96e5a1485fc]: FINISHED"}}
[debug] [2020-10-08T13:03:08.508Z] [runtime-status] [8744] Functions runtime initialized. {"cwd":"C:\\projects\\amazon-clone\\functions","node_version":"14.13.0"} {"metadata":{"emulator":{"name":"functions"},"message":"[runtime-status] [8744] Functions runtime initialized. {\"cwd\":\"C:\\\\projects\\\\amazon-clone\\\\functions\",\"node_version\":\"14.13.0\"}"}}
[debug] [2020-10-08T13:03:08.511Z] [runtime-status] [8744] Disabled runtime features: undefined {"metadata":{"emulator":{"name":"functions"},"message":"[runtime-status] [8744] Disabled runtime features: undefined"}}
[debug] [2020-10-08T13:03:08.515Z] [runtime-status] [8744] Resolved module firebase-admin {"declared":true,"installed":true,"version":"8.13.0","resolution":"C:\\projects\\amazon-clone\\functions\\node_modules\\firebase-admin\\lib\\index.js"} {"metadata":{"emulator":{"name":"functions"},"message":"[runtime-status] [8744] Resolved module firebase-admin {\"declared\":true,\"installed\":true,\"version\":\"8.13.0\",\"resolution\":\"C:\\\\projects\\\\amazon-clone\\\\functions\\\\node_modules\\\\firebase-admin\\\\lib\\\\index.js\"}"}}
[debug] [2020-10-08T13:03:08.517Z] [runtime-status] [8744] Resolved module firebase-functions {"declared":true,"installed":true,"version":"3.11.0","resolution":"C:\\projects\\amazon-clone\\functions\\node_modules\\firebase-functions\\lib\\index.js"} {"metadata":{"emulator":{"name":"functions"},"message":"[runtime-status] [8744] Resolved module firebase-functions {\"declared\":true,\"installed\":true,\"version\":\"3.11.0\",\"resolution\":\"C:\\\\projects\\\\amazon-clone\\\\functions\\\\node_modules\\\\firebase-functions\\\\lib\\\\index.js\"}"}}
[debug] [2020-10-08T13:03:08.519Z] [runtime-status] [8744] Resolved module firebase-functions {"declared":true,"installed":true,"version":"3.11.0","resolution":"C:\\projects\\amazon-clone\\functions\\node_modules\\firebase-functions\\lib\\index.js"} {"metadata":{"emulator":{"name":"functions"},"message":"[runtime-status] [8744] Resolved module firebase-functions {\"declared\":true,\"installed\":true,\"version\":\"3.11.0\",\"resolution\":\"C:\\\\projects\\\\amazon-clone\\\\functions\\\\node_modules\\\\firebase-functions\\\\lib\\\\index.js\"}"}}
[debug] [2020-10-08T13:03:08.521Z] [runtime-status] [8744] Outgoing network have been stubbed. [{"name":"http","status":"mocked"},{"name":"http","status":"mocked"},{"name":"https","status":"mocked"},{"name":"https","status":"mocked"},{"name":"net","status":"mocked"}] {"metadata":{"emulator":{"name":"functions"},"message":"[runtime-status] [8744] Outgoing network have been stubbed. [{\"name\":\"http\",\"status\":\"mocked\"},{\"name\":\"http\",\"status\":\"mocked\"},{\"name\":\"https\",\"status\":\"mocked\"},{\"name\":\"https\",\"status\":\"mocked\"},{\"name\":\"net\",\"status\":\"mocked\"}]"}}
[debug] [2020-10-08T13:03:08.522Z] [runtime-status] [8744] Resolved module firebase-functions {"declared":true,"installed":true,"version":"3.11.0","resolution":"C:\\projects\\amazon-clone\\functions\\node_modules\\firebase-functions\\lib\\index.js"} {"metadata":{"emulator":{"name":"functions"},"message":"[runtime-status] [8744] Resolved module firebase-functions {\"declared\":true,\"installed\":true,\"version\":\"3.11.0\",\"resolution\":\"C:\\\\projects\\\\amazon-clone\\\\functions\\\\node_modules\\\\firebase-functions\\\\lib\\\\index.js\"}"}}
[debug] [2020-10-08T13:03:08.577Z] [runtime-status] [8744] Checked functions.config() {"config":{}} {"metadata":{"emulator":{"name":"functions"},"message":"[runtime-status] [8744] Checked functions.config() {\"config\":{}}"}}
[debug] [2020-10-08T13:03:08.577Z] [runtime-status] [8744] firebase-functions has been stubbed. {"functionsResolution":{"declared":true,"installed":true,"version":"3.11.0","resolution":"C:\\projects\\amazon-clone\\functions\\node_modules\\firebase-functions\\lib\\index.js"}} {"metadata":{"emulator":{"name":"functions"},"message":"[runtime-status] [8744] firebase-functions has been stubbed. {\"functionsResolution\":{\"declared\":true,\"installed\":true,\"version\":\"3.11.0\",\"resolution\":\"C:\\\\projects\\\\amazon-clone\\\\functions\\\\node_modules\\\\firebase-functions\\\\lib\\\\index.js\"}}"}}
[debug] [2020-10-08T13:03:08.577Z] [runtime-status] [8744] Resolved module firebase-functions {"declared":true,"installed":true,"version":"3.11.0","resolution":"C:\\projects\\amazon-clone\\functions\\node_modules\\firebase-functions\\lib\\index.js"} {"metadata":{"emulator":{"name":"functions"},"message":"[runtime-status] [8744] Resolved module firebase-functions {\"declared\":true,\"installed\":true,\"version\":\"3.11.0\",\"resolution\":\"C:\\\\projects\\\\amazon-clone\\\\functions\\\\node_modules\\\\firebase-functions\\\\lib\\\\index.js\"}"}}
[debug] [2020-10-08T13:03:08.578Z] [runtime-status] [8744] Resolved module firebase-admin {"declared":true,"installed":true,"version":"8.13.0","resolution":"C:\\projects\\amazon-clone\\functions\\node_modules\\firebase-admin\\lib\\index.js"} {"metadata":{"emulator":{"name":"functions"},"message":"[runtime-status] [8744] Resolved module firebase-admin {\"declared\":true,\"installed\":true,\"version\":\"8.13.0\",\"resolution\":\"C:\\\\projects\\\\amazon-clone\\\\functions\\\\node_modules\\\\firebase-admin\\\\lib\\\\index.js\"}"}}
[debug] [2020-10-08T13:03:08.579Z] [runtime-status] [8744] Resolved module firebase-functions {"declared":true,"installed":true,"version":"3.11.0","resolution":"C:\\projects\\amazon-clone\\functions\\node_modules\\firebase-functions\\lib\\index.js"} {"metadata":{"emulator":{"name":"functions"},"message":"[runtime-status] [8744] Resolved module firebase-functions {\"declared\":true,\"installed\":true,\"version\":\"3.11.0\",\"resolution\":\"C:\\\\projects\\\\amazon-clone\\\\functions\\\\node_modules\\\\firebase-functions\\\\lib\\\\index.js\"}"}}
[debug] [2020-10-08T13:03:08.579Z] [runtime-status] [8744] firebase-admin has been stubbed. {"adminResolution":{"declared":true,"installed":true,"version":"8.13.0","resolution":"C:\\projects\\amazon-clone\\functions\\node_modules\\firebase-admin\\lib\\index.js"}} {"metadata":{"emulator":{"name":"functions"},"message":"[runtime-status] [8744] firebase-admin has been stubbed. {\"adminResolution\":{\"declared\":true,\"installed\":true,\"version\":\"8.13.0\",\"resolution\":\"C:\\\\projects\\\\amazon-clone\\\\functions\\\\node_modules\\\\firebase-admin\\\\lib\\\\index.js\"}}"}}
[debug] [2020-10-08T13:03:08.740Z] [worker-~diagnostic~-2ebb3588-42a2-4de1-b318-c508be75aa5f]: IDLE {"metadata":{"emulator":{"name":"functions"},"message":"[worker-~diagnostic~-2ebb3588-42a2-4de1-b318-c508be75aa5f]: IDLE"}}
[debug] [2020-10-08T13:03:13.042Z] [work-queue] {"queueLength":1,"workRunningCount":0}
[debug] [2020-10-08T13:03:13.042Z] [work-queue] {"queueLength":0,"workRunningCount":1}
[debug] [2020-10-08T13:03:13.043Z] Accepted request GET /clone-b1ea9/us-central1/api --> api
[debug] [2020-10-08T13:03:13.043Z] [worker-pool] Cleaned up workers for ~diagnostic~: 2 --> 1 {"metadata":{"emulator":{"name":"functions"},"message":"[worker-pool] Cleaned up workers for ~diagnostic~: 2 --> 1"}}
[debug] [2020-10-08T13:03:13.046Z] [worker-pool] addWorker(api) {"metadata":{"emulator":{"name":"functions"},"message":"[worker-pool] addWorker(api)"}}
[debug] [2020-10-08T13:03:13.047Z] [worker-pool] Adding worker with key api, total=1 {"metadata":{"emulator":{"name":"functions"},"message":"[worker-pool] Adding worker with key api, total=1"}}
[debug] [2020-10-08T13:03:13.047Z] [worker-pool] submitWork(triggerId=api) {"metadata":{"emulator":{"name":"functions"},"message":"[worker-pool] submitWork(triggerId=api)"}}
[debug] [2020-10-08T13:03:13.047Z] [worker-api-25fe54e5-4ae4-47ca-95eb-4e47917a218b]: Assigning socketPath: \\?\pipe\C:\projects\amazon-clone\functions\22364 {"metadata":{"emulator":{"name":"functions"},"message":"[worker-api-25fe54e5-4ae4-47ca-95eb-4e47917a218b]: Assigning socketPath: \\\\?\\pipe\\C:\\projects\\amazon-clone\\functions\\22364"}}
[debug] [2020-10-08T13:03:13.047Z] [worker-api-25fe54e5-4ae4-47ca-95eb-4e47917a218b]: BUSY {"metadata":{"emulator":{"name":"functions"},"message":"[worker-api-25fe54e5-4ae4-47ca-95eb-4e47917a218b]: BUSY"}}
[debug] [2020-10-08T13:03:13.469Z] [runtime-status] [22364] Functions runtime initialized. {"cwd":"C:\\projects\\amazon-clone\\functions","node_version":"14.13.0"} {"metadata":{"emulator":{"name":"functions"},"function":{"name":"api"},"message":"[runtime-status] [22364] Functions runtime initialized. {\"cwd\":\"C:\\\\projects\\\\amazon-clone\\\\functions\",\"node_version\":\"14.13.0\"}"}}
[debug] [2020-10-08T13:03:13.472Z] [runtime-status] [22364] Disabled runtime features: undefined {"metadata":{"emulator":{"name":"functions"},"function":{"name":"api"},"message":"[runtime-status] [22364] Disabled runtime features: undefined"}}
[debug] [2020-10-08T13:03:13.475Z] [runtime-status] [22364] Resolved module firebase-admin {"declared":true,"installed":true,"version":"8.13.0","resolution":"C:\\projects\\amazon-clone\\functions\\node_modules\\firebase-admin\\lib\\index.js"} {"metadata":{"emulator":{"name":"functions"},"function":{"name":"api"},"message":"[runtime-status] [22364] Resolved module firebase-admin {\"declared\":true,\"installed\":true,\"version\":\"8.13.0\",\"resolution\":\"C:\\\\projects\\\\amazon-clone\\\\functions\\\\node_modules\\\\firebase-admin\\\\lib\\\\index.js\"}"}}
[debug] [2020-10-08T13:03:13.477Z] [runtime-status] [22364] Resolved module firebase-functions {"declared":true,"installed":true,"version":"3.11.0","resolution":"C:\\projects\\amazon-clone\\functions\\node_modules\\firebase-functions\\lib\\index.js"} {"metadata":{"emulator":{"name":"functions"},"function":{"name":"api"},"message":"[runtime-status] [22364] Resolved module firebase-functions {\"declared\":true,\"installed\":true,\"version\":\"3.11.0\",\"resolution\":\"C:\\\\projects\\\\amazon-clone\\\\functions\\\\node_modules\\\\firebase-functions\\\\lib\\\\index.js\"}"}}
[debug] [2020-10-08T13:03:13.478Z] [runtime-status] [22364] Resolved module firebase-functions {"declared":true,"installed":true,"version":"3.11.0","resolution":"C:\\projects\\amazon-clone\\functions\\node_modules\\firebase-functions\\lib\\index.js"} {"metadata":{"emulator":{"name":"functions"},"function":{"name":"api"},"message":"[runtime-status] [22364] Resolved module firebase-functions {\"declared\":true,\"installed\":true,\"version\":\"3.11.0\",\"resolution\":\"C:\\\\projects\\\\amazon-clone\\\\functions\\\\node_modules\\\\firebase-functions\\\\lib\\\\index.js\"}"}}
[debug] [2020-10-08T13:03:13.481Z] [runtime-status] [22364] Outgoing network have been stubbed. [{"name":"http","status":"mocked"},{"name":"http","status":"mocked"},{"name":"https","status":"mocked"},{"name":"https","status":"mocked"},{"name":"net","status":"mocked"}] {"metadata":{"emulator":{"name":"functions"},"function":{"name":"api"},"message":"[runtime-status] [22364] Outgoing network have been stubbed. [{\"name\":\"http\",\"status\":\"mocked\"},{\"name\":\"http\",\"status\":\"mocked\"},{\"name\":\"https\",\"status\":\"mocked\"},{\"name\":\"https\",\"status\":\"mocked\"},{\"name\":\"net\",\"status\":\"mocked\"}]"}}
[debug] [2020-10-08T13:03:13.481Z] [runtime-status] [22364] Resolved module firebase-functions {"declared":true,"installed":true,"version":"3.11.0","resolution":"C:\\projects\\amazon-clone\\functions\\node_modules\\firebase-functions\\lib\\index.js"} {"metadata":{"emulator":{"name":"functions"},"function":{"name":"api"},"message":"[runtime-status] [22364] Resolved module firebase-functions {\"declared\":true,\"installed\":true,\"version\":\"3.11.0\",\"resolution\":\"C:\\\\projects\\\\amazon-clone\\\\functions\\\\node_modules\\\\firebase-functions\\\\lib\\\\index.js\"}"}}
[debug] [2020-10-08T13:03:13.536Z] [runtime-status] [22364] Checked functions.config() {"config":{}} {"metadata":{"emulator":{"name":"functions"},"function":{"name":"api"},"message":"[runtime-status] [22364] Checked functions.config() {\"config\":{}}"}}
[debug] [2020-10-08T13:03:13.536Z] [runtime-status] [22364] firebase-functions has been stubbed. {"functionsResolution":{"declared":true,"installed":true,"version":"3.11.0","resolution":"C:\\projects\\amazon-clone\\functions\\node_modules\\firebase-functions\\lib\\index.js"}} {"metadata":{"emulator":{"name":"functions"},"function":{"name":"api"},"message":"[runtime-status] [22364] firebase-functions has been stubbed. {\"functionsResolution\":{\"declared\":true,\"installed\":true,\"version\":\"3.11.0\",\"resolution\":\"C:\\\\projects\\\\amazon-clone\\\\functions\\\\node_modules\\\\firebase-functions\\\\lib\\\\index.js\"}}"}}
[debug] [2020-10-08T13:03:13.537Z] [runtime-status] [22364] Resolved module firebase-functions {"declared":true,"installed":true,"version":"3.11.0","resolution":"C:\\projects\\amazon-clone\\functions\\node_modules\\firebase-functions\\lib\\index.js"} {"metadata":{"emulator":{"name":"functions"},"function":{"name":"api"},"message":"[runtime-status] [22364] Resolved module firebase-functions {\"declared\":true,\"installed\":true,\"version\":\"3.11.0\",\"resolution\":\"C:\\\\projects\\\\amazon-clone\\\\functions\\\\node_modules\\\\firebase-functions\\\\lib\\\\index.js\"}"}}
[debug] [2020-10-08T13:03:13.539Z] [runtime-status] [22364] Resolved module firebase-admin {"declared":true,"installed":true,"version":"8.13.0","resolution":"C:\\projects\\amazon-clone\\functions\\node_modules\\firebase-admin\\lib\\index.js"} {"metadata":{"emulator":{"name":"functions"},"function":{"name":"api"},"message":"[runtime-status] [22364] Resolved module firebase-admin {\"declared\":true,\"installed\":true,\"version\":\"8.13.0\",\"resolution\":\"C:\\\\projects\\\\amazon-clone\\\\functions\\\\node_modules\\\\firebase-admin\\\\lib\\\\index.js\"}"}}
[debug] [2020-10-08T13:03:13.539Z] [runtime-status] [22364] Resolved module firebase-functions {"declared":true,"installed":true,"version":"3.11.0","resolution":"C:\\projects\\amazon-clone\\functions\\node_modules\\firebase-functions\\lib\\index.js"} {"metadata":{"emulator":{"name":"functions"},"function":{"name":"api"},"message":"[runtime-status] [22364] Resolved module firebase-functions {\"declared\":true,\"installed\":true,\"version\":\"3.11.0\",\"resolution\":\"C:\\\\projects\\\\amazon-clone\\\\functions\\\\node_modules\\\\firebase-functions\\\\lib\\\\index.js\"}"}}
[debug] [2020-10-08T13:03:13.539Z] [runtime-status] [22364] firebase-admin has been stubbed. {"adminResolution":{"declared":true,"installed":true,"version":"8.13.0","resolution":"C:\\projects\\amazon-clone\\functions\\node_modules\\firebase-admin\\lib\\index.js"}} {"metadata":{"emulator":{"name":"functions"},"function":{"name":"api"},"message":"[runtime-status] [22364] firebase-admin has been stubbed. {\"adminResolution\":{\"declared\":true,\"installed\":true,\"version\":\"8.13.0\",\"resolution\":\"C:\\\\projects\\\\amazon-clone\\\\functions\\\\node_modules\\\\firebase-admin\\\\lib\\\\index.js\"}}"}}
[debug] [2020-10-08T13:03:13.696Z] [runtime-status] [22364] Trigger "api" has been found, beginning invocation! {"metadata":{"emulator":{"name":"functions"},"function":{"name":"api"},"message":"[runtime-status] [22364] Trigger \"api\" has been found, beginning invocation!"}}
[info] i  functions: Beginning execution of "api" {"metadata":{"emulator":{"name":"functions"},"function":{"name":"api"},"message":"Beginning execution of \"api\""}}
[debug] [2020-10-08T13:03:13.697Z] [runtime-status] [22364] triggerDefinition {"httpsTrigger":{},"name":"api","entryPoint":"api"} {"metadata":{"emulator":{"name":"functions"},"function":{"name":"api"},"message":"[runtime-status] [22364] triggerDefinition {\"httpsTrigger\":{},\"name\":\"api\",\"entryPoint\":\"api\"}"}}
[debug] [2020-10-08T13:03:13.697Z] [runtime-status] [22364] Running api in mode HTTPS {"metadata":{"emulator":{"name":"functions"},"function":{"name":"api"},"message":"[runtime-status] [22364] Running api in mode HTTPS"}}
[debug] [2020-10-08T13:03:13.700Z] [runtime-status] [22364] Attempting to listen to socketPath: \\?\pipe\C:\projects\amazon-clone\functions\22364 {"metadata":{"emulator":{"name":"functions"},"function":{"name":"api"},"message":"[runtime-status] [22364] Attempting to listen to socketPath: \\\\?\\pipe\\C:\\projects\\amazon-clone\\functions\\22364"}}
[debug] [2020-10-08T13:03:13.703Z] [functions] Runtime ready! Sending request! {"metadata":{"emulator":{"name":"functions"},"message":"[functions] Runtime ready! Sending request!"}}
[debug] [2020-10-08T13:03:13.711Z] [runtime-status] [22364] Ephemeral server handling GET request {"metadata":{"emulator":{"name":"functions"},"function":{"name":"api"},"message":"[runtime-status] [22364] Ephemeral server handling GET request"}}
[debug] [2020-10-08T13:03:13.716Z] [runtime-status] [22364] Ephemeral server survived. {"metadata":{"emulator":{"name":"functions"},"function":{"name":"api"},"message":"[runtime-status] [22364] Ephemeral server survived."}}
[info] i  functions: Finished "api" in ~1s {"metadata":{"emulator":{"name":"functions"},"function":{"name":"api"},"message":"Finished \"api\" in ~1s"}}
[debug] [2020-10-08T13:03:13.719Z] [worker-api-25fe54e5-4ae4-47ca-95eb-4e47917a218b]: IDLE {"metadata":{"emulator":{"name":"functions"},"message":"[worker-api-25fe54e5-4ae4-47ca-95eb-4e47917a218b]: IDLE"}}
[debug] [2020-10-08T13:03:13.719Z] [work-queue] {"queueLength":0,"workRunningCount":0}
[debug] [2020-10-08T13:03:13.794Z] Functions emulator received unknown request at path /favicon.ico
[debug] [2020-10-08T13:05:15.144Z] [work-queue] {"queueLength":1,"workRunningCount":0}
[debug] [2020-10-08T13:05:15.144Z] [work-queue] {"queueLength":0,"workRunningCount":1}
[debug] [2020-10-08T13:05:15.144Z] Accepted request POST /clone-b1ea9/us-central1/api/payments/create?total=0 --> api
[debug] [2020-10-08T13:05:15.144Z] [worker-pool] submitWork(triggerId=api) {"metadata":{"emulator":{"name":"functions"},"message":"[worker-pool] submitWork(triggerId=api)"}}
[debug] [2020-10-08T13:05:15.144Z] [worker-api-25fe54e5-4ae4-47ca-95eb-4e47917a218b]: Assigning socketPath: \\?\pipe\C:\projects\amazon-clone\functions\22364 {"metadata":{"emulator":{"name":"functions"},"message":"[worker-api-25fe54e5-4ae4-47ca-95eb-4e47917a218b]: Assigning socketPath: \\\\?\\pipe\\C:\\projects\\amazon-clone\\functions\\22364"}}
[debug] [2020-10-08T13:05:15.144Z] [worker-api-25fe54e5-4ae4-47ca-95eb-4e47917a218b]: BUSY {"metadata":{"emulator":{"name":"functions"},"message":"[worker-api-25fe54e5-4ae4-47ca-95eb-4e47917a218b]: BUSY"}}
[debug] [2020-10-08T13:05:15.145Z] [runtime-status] [22364] Trigger "api" has been found, beginning invocation! {"metadata":{"emulator":{"name":"functions"},"function":{"name":"api"},"message":"[runtime-status] [22364] Trigger \"api\" has been found, beginning invocation!"}}
[info] i  functions: Beginning execution of "api" {"metadata":{"emulator":{"name":"functions"},"function":{"name":"api"},"message":"Beginning execution of \"api\""}}
[debug] [2020-10-08T13:05:15.146Z] [runtime-status] [22364] triggerDefinition {"httpsTrigger":{},"name":"api","entryPoint":"api"} {"metadata":{"emulator":{"name":"functions"},"function":{"name":"api"},"message":"[runtime-status] [22364] triggerDefinition {\"httpsTrigger\":{},\"name\":\"api\",\"entryPoint\":\"api\"}"}}
[debug] [2020-10-08T13:05:15.147Z] [runtime-status] [22364] Running api in mode HTTPS {"metadata":{"emulator":{"name":"functions"},"function":{"name":"api"},"message":"[runtime-status] [22364] Running api in mode HTTPS"}}
[debug] [2020-10-08T13:05:15.147Z] [runtime-status] [22364] Attempting to listen to socketPath: \\?\pipe\C:\projects\amazon-clone\functions\22364 {"metadata":{"emulator":{"name":"functions"},"function":{"name":"api"},"message":"[runtime-status] [22364] Attempting to listen to socketPath: \\\\?\\pipe\\C:\\projects\\amazon-clone\\functions\\22364"}}
[debug] [2020-10-08T13:05:15.148Z] [functions] Runtime ready! Sending request! {"metadata":{"emulator":{"name":"functions"},"message":"[functions] Runtime ready! Sending request!"}}
[debug] [2020-10-08T13:05:15.152Z] [runtime-status] [22364] Ephemeral server handling POST request {"metadata":{"emulator":{"name":"functions"},"function":{"name":"api"},"message":"[runtime-status] [22364] Ephemeral server handling POST request"}}
[info] >  Payment Request Recieved 0 {"user":"Payment Request Recieved 0","metadata":{"emulator":{"name":"functions"},"function":{"name":"api"},"message":"\u001b[90m> \u001b[39m Payment Request Recieved 0"}}
[debug] [2020-10-08T13:05:15.161Z] [runtime-status] [22364] Ephemeral server survived. {"metadata":{"emulator":{"name":"functions"},"function":{"name":"api"},"message":"[runtime-status] [22364] Ephemeral server survived."}}
[info] >  (node:22364) UnhandledPromiseRejectionWarning: Error: This API call cannot be made with a publishable API key. Please use a secret API key. You can find a list of your API keys at https://dashboard.stripe.com/account/apikeys. {"user":"(node:22364) UnhandledPromiseRejectionWarning: Error: This API call cannot be made with a publishable API key. Please use a secret API key. You can find a list of your API keys at https://dashboard.stripe.com/account/apikeys.","metadata":{"emulator":{"name":"functions"},"function":{"name":"api"},"message":"\u001b[90m> \u001b[39m (node:22364) UnhandledPromiseRejectionWarning: Error: This API call cannot be made with a publishable API key. Please use a secret API key. You can find a list of your API keys at https://dashboard.stripe.com/account/apikeys."}}
[info] >      at IncomingMessage.<anonymous> (C:\projects\amazon-clone\functions\node_modules\stripe\lib\StripeResource.js:186:21) {"user":"    at IncomingMessage.<anonymous> (C:\\projects\\amazon-clone\\functions\\node_modules\\stripe\\lib\\StripeResource.js:186:21)","metadata":{"emulator":{"name":"functions"},"function":{"name":"api"},"message":"\u001b[90m> \u001b[39m     at IncomingMessage.<anonymous> (C:\\projects\\amazon-clone\\functions\\node_modules\\stripe\\lib\\StripeResource.js:186:21)"}}
[info] >      at Object.onceWrapper (events.js:420:28) {"user":"    at Object.onceWrapper (events.js:420:28)","metadata":{"emulator":{"name":"functions"},"function":{"name":"api"},"message":"\u001b[90m> \u001b[39m     at Object.onceWrapper (events.js:420:28)"}}
[info] >      at IncomingMessage.emit (events.js:326:22) {"user":"    at IncomingMessage.emit (events.js:326:22)","metadata":{"emulator":{"name":"functions"},"function":{"name":"api"},"message":"\u001b[90m> \u001b[39m     at IncomingMessage.emit (events.js:326:22)"}}
[info] >      at endReadableNT (_stream_readable.js:1252:12) {"user":"    at endReadableNT (_stream_readable.js:1252:12)","metadata":{"emulator":{"name":"functions"},"function":{"name":"api"},"message":"\u001b[90m> \u001b[39m     at endReadableNT (_stream_readable.js:1252:12)"}}
[info] >      at processTicksAndRejections (internal/process/task_queues.js:80:21) {"user":"    at processTicksAndRejections (internal/process/task_queues.js:80:21)","metadata":{"emulator":{"name":"functions"},"function":{"name":"api"},"message":"\u001b[90m> \u001b[39m     at processTicksAndRejections (internal/process/task_queues.js:80:21)"}}
[info] >  (Use `node --trace-warnings ...` to show where the warning was created) {"user":"(Use `node --trace-warnings ...` to show where the warning was created)","metadata":{"emulator":{"name":"functions"},"function":{"name":"api"},"message":"\u001b[90m> \u001b[39m (Use `node --trace-warnings ...` to show where the warning was created)"}}
[info] >  (node:22364) UnhandledPromiseRejectionWarning: Unhandled promise rejection. This error originated either by throwing inside of an async function without a catch block, or by rejecting a promise which was not handled with .catch(). To terminate the node process on unhandled promise rejection, use the CLI flag `--unhandled-rejections=strict` (see https://nodejs.org/api/cli.html#cli_unhandled_rejections_mode). (rejection id: 1) {"user":"(node:22364) UnhandledPromiseRejectionWarning: Unhandled promise rejection. This error originated either by throwing inside of an async function without a catch block, or by rejecting a promise which was not handled with .catch(). To terminate the node process on unhandled promise rejection, use the CLI flag `--unhandled-rejections=strict` (see https://nodejs.org/api/cli.html#cli_unhandled_rejections_mode). (rejection id: 1)","metadata":{"emulator":{"name":"functions"},"function":{"name":"api"},"message":"\u001b[90m> \u001b[39m (node:22364) UnhandledPromiseRejectionWarning: Unhandled promise rejection. This error originated either by throwing inside of an async function without a catch block, or by rejecting a promise which was not handled with .catch(). To terminate the node process on unhandled promise rejection, use the CLI flag `--unhandled-rejections=strict` (see https://nodejs.org/api/cli.html#cli_unhandled_rejections_mode). (rejection id: 1)"}}
[info] >  (node:22364) [DEP0018] DeprecationWarning: Unhandled promise rejections are deprecated. In the future, promise rejections that are not handled will terminate the Node.js process with a non-zero exit code. {"user":"(node:22364) [DEP0018] DeprecationWarning: Unhandled promise rejections are deprecated. In the future, promise rejections that are not handled will terminate the Node.js process with a non-zero exit code.","metadata":{"emulator":{"name":"functions"},"function":{"name":"api"},"message":"\u001b[90m> \u001b[39m (node:22364) [DEP0018] DeprecationWarning: Unhandled promise rejections are deprecated. In the future, promise rejections that are not handled will terminate the Node.js process with a non-zero exit code."}}
[warn] !  functions: Your function timed out after ~60s. To configure this timeout, see
      https://firebase.google.com/docs/functions/manage-functions#set_timeout_and_memory_allocation. {"metadata":{"emulator":{"name":"functions"},"function":{"name":"api"},"message":"Your function timed out after ~60s. To configure this timeout, see\n      https://firebase.google.com/docs/functions/manage-functions#set_timeout_and_memory_allocation."}}
[info] >  C:\Users\john\AppData\Roaming\npm\node_modules\firebase-tools\lib\emulator\functionsEmulatorRuntime.js:642 {"user":"C:\\Users\\john\\AppData\\Roaming\\npm\\node_modules\\firebase-tools\\lib\\emulator\\functionsEmulatorRuntime.js:642\r","metadata":{"emulator":{"name":"functions"},"function":{"name":"api"},"message":"\u001b[90m> \u001b[39m C:\\Users\\john\\AppData\\Roaming\\npm\\node_modules\\firebase-tools\\lib\\emulator\\functionsEmulatorRuntime.js:642\r"}}
[info] >                  throw new Error("Function timed out."); {"user":"                throw new Error(\"Function timed out.\");\r","metadata":{"emulator":{"name":"functions"},"function":{"name":"api"},"message":"\u001b[90m> \u001b[39m                 throw new Error(\"Function timed out.\");\r"}}
[info] >                  ^ {"user":"                ^\r","metadata":{"emulator":{"name":"functions"},"function":{"name":"api"},"message":"\u001b[90m> \u001b[39m                 ^\r"}}
[info] >   {"user":"\r","metadata":{"emulator":{"name":"functions"},"function":{"name":"api"},"message":"\u001b[90m> \u001b[39m \r"}}
[info] >  Error: Function timed out. {"user":"Error: Function timed out.\r","metadata":{"emulator":{"name":"functions"},"function":{"name":"api"},"message":"\u001b[90m> \u001b[39m Error: Function timed out.\r"}}
[info] >      at Timeout._onTimeout (C:\Users\john\AppData\Roaming\npm\node_modules\firebase-tools\lib\emulator\functionsEmulatorRuntime.js:642:23) {"user":"    at Timeout._onTimeout (C:\\Users\\john\\AppData\\Roaming\\npm\\node_modules\\firebase-tools\\lib\\emulator\\functionsEmulatorRuntime.js:642:23)\r","metadata":{"emulator":{"name":"functions"},"function":{"name":"api"},"message":"\u001b[90m> \u001b[39m     at Timeout._onTimeout (C:\\Users\\john\\AppData\\Roaming\\npm\\node_modules\\firebase-tools\\lib\\emulator\\functionsEmulatorRuntime.js:642:23)\r"}}
[info] >      at listOnTimeout (internal/timers.js:554:17) {"user":"    at listOnTimeout (internal/timers.js:554:17)\r","metadata":{"emulator":{"name":"functions"},"function":{"name":"api"},"message":"\u001b[90m> \u001b[39m     at listOnTimeout (internal/timers.js:554:17)\r"}}
[info] >      at processTimers (internal/timers.js:497:7) {"user":"    at processTimers (internal/timers.js:497:7)\r","metadata":{"emulator":{"name":"functions"},"function":{"name":"api"},"message":"\u001b[90m> \u001b[39m     at processTimers (internal/timers.js:497:7)\r"}}
[debug] [2020-10-08T13:06:15.200Z] [worker-api-25fe54e5-4ae4-47ca-95eb-4e47917a218b]: exited {"metadata":{"emulator":{"name":"functions"},"message":"[worker-api-25fe54e5-4ae4-47ca-95eb-4e47917a218b]: exited"}}
[debug] [2020-10-08T13:06:15.200Z] [worker-api-25fe54e5-4ae4-47ca-95eb-4e47917a218b]: FINISHED {"metadata":{"emulator":{"name":"functions"},"message":"[worker-api-25fe54e5-4ae4-47ca-95eb-4e47917a218b]: FINISHED"}}
[debug] [2020-10-08T13:06:15.200Z] [work-queue] {"queueLength":0,"workRunningCount":0}
